<?xml version="1.0" encoding="UTF-8"?>
<!-- Generated by org.testng.reporters.JUnitReportReporter -->
<testsuite skipped="0" hostname="DESKTOP-RCDUI6V" name="com.sample.Runner.BddTestRunner" tests="1" failures="0" timestamp="25 Oct 2021 07:21:33 GMT" time="28.846" errors="0">
  <testcase name="runCukes" time="28.846" classname="com.sample.Runner.BddTestRunner"/>
</testsuite> <!-- com.sample.Runner.BddTestRunner -->
